<?xml version="1.0" encoding="UTF-8"?>
<testsuite xmlns:xsi="http://www.w3.org/2001/XMLSchema-instance" xsi:noNamespaceSchemaLocation="https://maven.apache.org/surefire/maven-surefire-plugin/xsd/surefire-test-report-3.0.xsd" version="3.0" name="br.com.fiap.TrafficManagement.TrafficManagementApplicationTests" time="6.955" tests="1" errors="0" skipped="0" failures="0">
  <properties>
[...]
</properties>
  <testcase name="contextLoads" classname="br.com.fiap.TrafficManagement.TrafficManagementApplicationTests" time="0.51">
    <system-out><![CDATA[21:37:31.858 [main] INFO org.springframework.test.context.support.AnnotationConfigContextLoaderUtils -- Could not detect default configuration classes for test class [br.com.fiap.TrafficManagement.TrafficManagementApplicationTests]: TrafficManagementApplicationTests does not declare any static, non-private, non-final, nested classes annotated with @Configuration.
21:37:31.963 [main] INFO org.springframework.boot.test.context.SpringBootTestContextBootstrapper -- Found @SpringBootConfiguration br.com.fiap.TrafficManagement.TrafficManagementApplication for test class br.com.fiap.TrafficManagement.TrafficManagementApplicationTests

  .   ____          _            __ _ _
 /\\ / ___'_ __ _ _(_)_ __  __ _ \ \ \ \
( ( )\___ | '_ | '_| | '_ \/ _` | \ \ \ \
 \\/  ___)| |_)| | | | | || (_| |  ) ) ) )
  '  |____| .__|_| |_|_| |_\__, | / / / /
 =========|_|==============|___/=/_/_/_/
 :: Spring Boot ::                (v3.2.6)

2024-10-17T21:37:32.512-03:00  INFO 6828 --- [TrafficManagement] [           main] .c.f.T.TrafficManagementApplicationTests : Starting TrafficManagementApplicationTests using Java 22.0.1 with PID 6828 (started by leia in C:\Users\leia\Documents\Aplicacao-DevOps-main)
2024-10-17T21:37:32.514-03:00  INFO 6828 --- [TrafficManagement] [           main] .c.f.T.TrafficManagementApplicationTests : No active profile set, falling back to 1 default profile: "default"
2024-10-17T21:37:33.451-03:00  INFO 6828 --- [TrafficManagement] [           main] .s.d.r.c.RepositoryConfigurationDelegate : Bootstrapping Spring Data JPA repositories in DEFAULT mode.
2024-10-17T21:37:33.542-03:00  INFO 6828 --- [TrafficManagement] [           main] .s.d.r.c.RepositoryConfigurationDelegate : Finished Spring Data repository scanning in 78 ms. Found 7 JPA repository interfaces.
2024-10-17T21:37:34.272-03:00  INFO 6828 --- [TrafficManagement] [           main] com.zaxxer.hikari.HikariDataSource       : HikariPool-1 - Starting...
2024-10-17T21:37:34.810-03:00  INFO 6828 --- [TrafficManagement] [           main] com.zaxxer.hikari.pool.HikariPool        : HikariPool-1 - Added connection oracle.jdbc.driver.T4CConnection@7c5df615
2024-10-17T21:37:34.812-03:00  INFO 6828 --- [TrafficManagement] [           main] com.zaxxer.hikari.HikariDataSource       : HikariPool-1 - Start completed.
2024-10-17T21:37:34.924-03:00  INFO 6828 --- [TrafficManagement] [           main] o.f.c.internal.license.VersionPrinter    : Flyway Community Edition 9.22.3 by Redgate
2024-10-17T21:37:34.924-03:00  INFO 6828 --- [TrafficManagement] [           main] o.f.c.internal.license.VersionPrinter    : See release notes here: https://rd.gt/416ObMi
2024-10-17T21:37:34.924-03:00  INFO 6828 --- [TrafficManagement] [           main] o.f.c.internal.license.VersionPrinter    : 
2024-10-17T21:37:34.942-03:00  INFO 6828 --- [TrafficManagement] [           main] org.flywaydb.core.FlywayExecutor         : Database: jdbc:oracle:thin:@ORACLE.FIAP.COM.BR:1521:ORCL (Oracle 19.0)
2024-10-17T21:37:35.203-03:00  INFO 6828 --- [TrafficManagement] [           main] o.f.core.internal.command.DbValidate     : Successfully validated 7 migrations (execution time 00:00.053s)
2024-10-17T21:37:35.284-03:00  INFO 6828 --- [TrafficManagement] [           main] o.f.core.internal.command.DbMigrate      : Current version of schema "RM99122": 6
2024-10-17T21:37:35.299-03:00  INFO 6828 --- [TrafficManagement] [           main] o.f.core.internal.command.DbMigrate      : Schema "RM99122" is up to date. No migration necessary.
2024-10-17T21:37:35.442-03:00  INFO 6828 --- [TrafficManagement] [           main] o.hibernate.jpa.internal.util.LogHelper  : HHH000204: Processing PersistenceUnitInfo [name: default]
2024-10-17T21:37:35.523-03:00  INFO 6828 --- [TrafficManagement] [           main] org.hibernate.Version                    : HHH000412: Hibernate ORM core version 6.4.8.Final
2024-10-17T21:37:35.571-03:00  INFO 6828 --- [TrafficManagement] [           main] o.h.c.internal.RegionFactoryInitiator    : HHH000026: Second-level cache disabled
2024-10-17T21:37:35.821-03:00  INFO 6828 --- [TrafficManagement] [           main] o.s.o.j.p.SpringPersistenceUnitInfo      : No LoadTimeWeaver setup: ignoring JPA class transformer
2024-10-17T21:37:36.869-03:00  INFO 6828 --- [TrafficManagement] [           main] o.h.e.t.j.p.i.JtaPlatformInitiator       : HHH000489: No JTA platform available (set 'hibernate.transaction.jta.platform' to enable JTA platform integration)
2024-10-17T21:37:36.871-03:00  INFO 6828 --- [TrafficManagement] [           main] j.LocalContainerEntityManagerFactoryBean : Initialized JPA EntityManagerFactory for persistence unit 'default'
2024-10-17T21:37:37.344-03:00  WARN 6828 --- [TrafficManagement] [           main] JpaBaseConfiguration$JpaWebConfiguration : spring.jpa.open-in-view is enabled by default. Therefore, database queries may be performed during view rendering. Explicitly configure spring.jpa.open-in-view to disable this warning
2024-10-17T21:37:37.728-03:00  INFO 6828 --- [TrafficManagement] [           main] o.s.s.web.DefaultSecurityFilterChain     : Will secure any request with [org.springframework.security.web.session.DisableEncodeUrlFilter@78762e87, org.springframework.security.web.context.request.async.WebAsyncManagerIntegrationFilter@672c4e24, org.springframework.security.web.context.SecurityContextHolderFilter@763a72da, org.springframework.security.web.header.HeaderWriterFilter@6cb5a64d, org.springframework.web.filter.CorsFilter@2aacf54b, org.springframework.security.web.authentication.logout.LogoutFilter@7441edeb, br.com.fiap.TrafficManagement.config.security.VerificarToken@193d73d3, org.springframework.security.web.savedrequest.RequestCacheAwareFilter@5fc76532, org.springframework.security.web.servletapi.SecurityContextHolderAwareRequestFilter@2e268c19, org.springframework.security.web.authentication.AnonymousAuthenticationFilter@7a2b3cfd, org.springframework.security.web.session.SessionManagementFilter@54ee423f, org.springframework.security.web.access.ExceptionTranslationFilter@7af5ce66, org.springframework.security.web.access.intercept.AuthorizationFilter@37d50217]
2024-10-17T21:37:38.105-03:00  INFO 6828 --- [TrafficManagement] [           main] .c.f.T.TrafficManagementApplicationTests : Started TrafficManagementApplicationTests in 5.967 seconds (process running for 7.001)
]]></system-out>
    <system-err><![CDATA[WARNING: A Java agent has been loaded dynamically (C:\Users\leia\.m2\repository\net\bytebuddy\byte-buddy-agent\1.14.16\byte-buddy-agent-1.14.16.jar)
WARNING: If a serviceability tool is in use, please run with -XX:+EnableDynamicAgentLoading to hide this warning
WARNING: If a serviceability tool is not in use, please run with -Djdk.instrument.traceUsage for more information
WARNING: Dynamic loading of agents will be disallowed by default in a future release
]]></system-err>
  </testcase>
</testsuite>